<?xml version="1.0" encoding="utf-8"?>
<TestRun id="d28ec854-db93-4a45-84f5-519b9f49230f" name="vitor@SERVER01 2026-05-31 02:08:11" runUser="SERVER01\vitor" xmlns="http://microsoft.com/schemas/VisualStudio/TeamTest/2010">
  <Times creation="2026-05-31T02:08:11.2657322+01:00" queuing="2026-05-31T02:08:11.2657326+01:00" start="2026-05-31T02:08:07.3070609+01:00" finish="2026-05-31T02:08:13.5811435+01:00" />
  <TestSettings name="default" id="1762ff65-b49d-4415-a4fb-8fed09a523ae">
    <Deployment runDeploymentRoot="vitor_SERVER01_2026-05-31_02_08_11" />
  </TestSettings>
  <Results>
    <UnitTestResult executionId="29805ad0-9410-4437-b686-df6f325983b1" testId="3e5faef9-b61f-a68b-03d7-901759098d93" testName="E2E-10 Sinal manual + confirmar sanção" computerName="SERVER01" duration="00:00:00.2561397" startTime="2026-05-31T02:08:13.5015483+01:00" endTime="2026-05-31T02:08:13.5015487+01:00" testType="13cdc9d9-ddb5-4fa4-a97d-d965ccfc6d4b" outcome="Passed" testListId="8c84fa94-04c1-424b-9868-57a2d4851a1d" relativeResultsDirectory="29805ad0-9410-4437-b686-df6f325983b1" />
    <UnitTestResult executionId="5b9a492f-b732-4674-ab45-1dbebc3789aa" testId="21b70a5d-9b31-1619-80e0-6672ea56416f" testName="E2E-06 Nome legal manual em fallback RCBE/GLEIF" computerName="SERVER01" duration="00:00:03.0593657" startTime="2026-05-31T02:08:11.8518095+01:00" endTime="2026-05-31T02:08:11.8518098+01:00" testType="13cdc9d9-ddb5-4fa4-a97d-d965ccfc6d4b" outcome="Passed" testListId="8c84fa94-04c1-424b-9868-57a2d4851a1d" relativeResultsDirectory="5b9a492f-b732-4674-ab45-1dbebc3789aa" />
    <UnitTestResult executionId="433e9ff1-f613-4e4e-ba19-17c7bdd2c7bd" testId="56deb2b1-eda2-dee3-d5e5-9e993bd08e24" testName="E2E-01 PAC: CAE 92000 rejeitado" computerName="SERVER01" duration="00:00:00.2091425" startTime="2026-05-31T02:08:12.3458090+01:00" endTime="2026-05-31T02:08:12.3458093+01:00" testType="13cdc9d9-ddb5-4fa4-a97d-d965ccfc6d4b" outcome="Passed" testListId="8c84fa94-04c1-424b-9868-57a2d4851a1d" relativeResultsDirectory="433e9ff1-f613-4e4e-ba19-17c7bdd2c7bd" />
    <UnitTestResult executionId="2823d5d7-deba-4dd9-8e73-fd439dee5c46" testId="951b2031-607e-a771-f8b6-4ce68ad64ebb" testName="E2E-08 Sanção + falha BdP → congelamento manual" computerName="SERVER01" duration="00:00:00.2837189" startTime="2026-05-31T02:08:12.1360094+01:00" endTime="2026-05-31T02:08:12.1360099+01:00" testType="13cdc9d9-ddb5-4fa4-a97d-d965ccfc6d4b" outcome="Passed" testListId="8c84fa94-04c1-424b-9868-57a2d4851a1d" relativeResultsDirectory="2823d5d7-deba-4dd9-8e73-fd439dee5c46" />
    <UnitTestResult executionId="2c43cca2-1f7e-490f-b2e4-e581fcaa9f7b" testId="bf59893d-dbcf-6e3a-543b-63d979cbaaab" testName="KYC.Web.Integration.Tests.CompliancePostgresIntegrationTests.Asset_freeze_flow_sets_under_review_in_database" computerName="SERVER01" duration="00:00:00.5512369" startTime="2026-05-31T02:08:12.1101708+01:00" endTime="2026-05-31T02:08:12.1101712+01:00" testType="13cdc9d9-ddb5-4fa4-a97d-d965ccfc6d4b" outcome="Passed" testListId="8c84fa94-04c1-424b-9868-57a2d4851a1d" relativeResultsDirectory="2c43cca2-1f7e-490f-b2e4-e581fcaa9f7b" />
    <UnitTestResult executionId="b070f672-2822-437d-84b0-0d9e106d3133" testId="7e368a3e-42b6-8f06-0ed5-47df78886dfe" testName="KYC.Web.Integration.Tests.CompliancePostgresIntegrationTests.Sar_submission_persists_submitted_status_and_audit" computerName="SERVER01" duration="00:00:00.3032689" startTime="2026-05-31T02:08:12.6801040+01:00" endTime="2026-05-31T02:08:12.6801043+01:00" testType="13cdc9d9-ddb5-4fa4-a97d-d965ccfc6d4b" outcome="Passed" testListId="8c84fa94-04c1-424b-9868-57a2d4851a1d" relativeResultsDirectory="b070f672-2822-437d-84b0-0d9e106d3133" />
    <UnitTestResult executionId="2ef43d60-d223-430b-a7ac-00ad7ecc3e2d" testId="81452da1-7ac6-65cb-28fb-054c96f7c54e" testName="E2E-EXPORT gerar ficheiros de evidência no dossier" computerName="SERVER01" duration="00:00:00.3742207" startTime="2026-05-31T02:08:13.0139486+01:00" endTime="2026-05-31T02:08:13.0139490+01:00" testType="13cdc9d9-ddb5-4fa4-a97d-d965ccfc6d4b" outcome="Passed" testListId="8c84fa94-04c1-424b-9868-57a2d4851a1d" relativeResultsDirectory="2ef43d60-d223-430b-a7ac-00ad7ecc3e2d" />
    <UnitTestResult executionId="40ddfa09-61d5-4318-9eaf-6651228a4f0b" testId="a092defb-87d9-b02c-2bc7-5251f02be905" testName="KYC.Web.Integration.Tests.CompliancePostgresIntegrationTests.Identity_polling_processes_pending_session" computerName="SERVER01" duration="00:00:00.2216063" startTime="2026-05-31T02:08:12.9240090+01:00" endTime="2026-05-31T02:08:12.9240094+01:00" testType="13cdc9d9-ddb5-4fa4-a97d-d965ccfc6d4b" outcome="Failed" testListId="8c84fa94-04c1-424b-9868-57a2d4851a1d" relativeResultsDirectory="40ddfa09-61d5-4318-9eaf-6651228a4f0b">
      <Output>
        <ErrorInfo>
          <Message>Assert.Equal() Failure: Values differ&#xD;
Expected: 1&#xD;
Actual:   3</Message>
          <StackTrace>   at KYC.Web.Integration.Tests.CompliancePostgresIntegrationTests.Identity_polling_processes_pending_session() in C:\Development\KYC\tests\KYC.Web.Integration.Tests\CompliancePostgresIntegrationTests.cs:line 150&#xD;
   at KYC.Web.Integration.Tests.CompliancePostgresIntegrationTests.Identity_polling_processes_pending_session() in C:\Development\KYC\tests\KYC.Web.Integration.Tests\CompliancePostgresIntegrationTests.cs:line 151&#xD;
--- End of stack trace from previous location ---</StackTrace>
        </ErrorInfo>
      </Output>
    </UnitTestResult>
    <UnitTestResult executionId="d9e12ba4-d470-4d98-bf16-931e0f585bac" testId="b61458d4-1125-b96b-b364-aeabf906f0a2" testName="E2E-09 Identidade manual sem API" computerName="SERVER01" duration="00:00:00.2926924" startTime="2026-05-31T02:08:12.6391058+01:00" endTime="2026-05-31T02:08:12.6391061+01:00" testType="13cdc9d9-ddb5-4fa4-a97d-d965ccfc6d4b" outcome="Passed" testListId="8c84fa94-04c1-424b-9868-57a2d4851a1d" relativeResultsDirectory="d9e12ba4-d470-4d98-bf16-931e0f585bac" />
    <UnitTestResult executionId="fbfe9a0e-b010-46a6-a228-5f35fde271a6" testId="f2deee77-2d09-44fb-2843-8135a51c0a3e" testName="KYC.Web.Integration.Tests.CompliancePostgresIntegrationTests.Active_pac_exists_in_database" computerName="SERVER01" duration="00:00:00.3266692" startTime="2026-05-31T02:08:11.5584523+01:00" endTime="2026-05-31T02:08:11.5584526+01:00" testType="13cdc9d9-ddb5-4fa4-a97d-d965ccfc6d4b" outcome="Passed" testListId="8c84fa94-04c1-424b-9868-57a2d4851a1d" relativeResultsDirectory="fbfe9a0e-b010-46a6-a228-5f35fde271a6" />
    <UnitTestResult executionId="4fd97030-f070-4f89-be70-52ebff437a4c" testId="994126b4-cf92-3d54-7e55-64a328b05456" testName="E2E-07 SAR urgente falha → Pending → registo manual" computerName="SERVER01" duration="00:00:00.2302925" startTime="2026-05-31T02:08:13.2448482+01:00" endTime="2026-05-31T02:08:13.2448484+01:00" testType="13cdc9d9-ddb5-4fa4-a97d-d965ccfc6d4b" outcome="Passed" testListId="8c84fa94-04c1-424b-9868-57a2d4851a1d" relativeResultsDirectory="4fd97030-f070-4f89-be70-52ebff437a4c" />
    <UnitTestResult executionId="14550cf6-2071-47b7-b981-9ccdb848309d" testId="9c5ce624-d198-c79a-e573-6829f278a1e3" testName="KYC.Web.Integration.Tests.CompliancePostgresIntegrationTests.Periodic_review_completed_audit_can_be_queried" computerName="SERVER01" duration="00:00:00.2653675" startTime="2026-05-31T02:08:12.3762409+01:00" endTime="2026-05-31T02:08:12.3762412+01:00" testType="13cdc9d9-ddb5-4fa4-a97d-d965ccfc6d4b" outcome="Passed" testListId="8c84fa94-04c1-424b-9868-57a2d4851a1d" relativeResultsDirectory="14550cf6-2071-47b7-b981-9ccdb848309d" />
    <UnitTestResult executionId="5aaca6e0-7376-46cd-bf4b-2f3c2ed31e61" testId="133614b5-13af-27b2-9383-28a2331b28ac" testName="KYC.Web.Integration.Tests.CompliancePostgresIntegrationTests.Delete_active_dpia_record_is_blocked_by_interceptor" computerName="SERVER01" duration="00:00:02.4326196" startTime="2026-05-31T02:08:11.2300207+01:00" endTime="2026-05-31T02:08:11.2300779+01:00" testType="13cdc9d9-ddb5-4fa4-a97d-d965ccfc6d4b" outcome="Passed" testListId="8c84fa94-04c1-424b-9868-57a2d4851a1d" relativeResultsDirectory="5aaca6e0-7376-46cd-bf4b-2f3c2ed31e61" />
  </Results>
  <TestDefinitions>
    <UnitTest name="E2E-09 Identidade manual sem API" storage="c:\development\kyc\tests\kyc.web.integration.tests\bin\debug\net9.0\kyc.web.integration.tests.dll" id="b61458d4-1125-b96b-b364-aeabf906f0a2">
      <Execution id="d9e12ba4-d470-4d98-bf16-931e0f585bac" />
      <TestMethod codeBase="C:\Development\KYC\tests\KYC.Web.Integration.Tests\bin\Debug\net9.0\KYC.Web.Integration.Tests.dll" adapterTypeName="executor://xunit/VsTestRunner2/netcoreapp" className="KYC.Web.Integration.Tests.HomologationE2eAutomatedTests" name="E2e09_Manual_identity_verification" />
    </UnitTest>
    <UnitTest name="KYC.Web.Integration.Tests.CompliancePostgresIntegrationTests.Asset_freeze_flow_sets_under_review_in_database" storage="c:\development\kyc\tests\kyc.web.integration.tests\bin\debug\net9.0\kyc.web.integration.tests.dll" id="bf59893d-dbcf-6e3a-543b-63d979cbaaab">
      <Execution id="2c43cca2-1f7e-490f-b2e4-e581fcaa9f7b" />
      <TestMethod codeBase="C:\Development\KYC\tests\KYC.Web.Integration.Tests\bin\Debug\net9.0\KYC.Web.Integration.Tests.dll" adapterTypeName="executor://xunit/VsTestRunner2/netcoreapp" className="KYC.Web.Integration.Tests.CompliancePostgresIntegrationTests" name="Asset_freeze_flow_sets_under_review_in_database" />
    </UnitTest>
    <UnitTest name="KYC.Web.Integration.Tests.CompliancePostgresIntegrationTests.Sar_submission_persists_submitted_status_and_audit" storage="c:\development\kyc\tests\kyc.web.integration.tests\bin\debug\net9.0\kyc.web.integration.tests.dll" id="7e368a3e-42b6-8f06-0ed5-47df78886dfe">
      <Execution id="b070f672-2822-437d-84b0-0d9e106d3133" />
      <TestMethod codeBase="C:\Development\KYC\tests\KYC.Web.Integration.Tests\bin\Debug\net9.0\KYC.Web.Integration.Tests.dll" adapterTypeName="executor://xunit/VsTestRunner2/netcoreapp" className="KYC.Web.Integration.Tests.CompliancePostgresIntegrationTests" name="Sar_submission_persists_submitted_status_and_audit" />
    </UnitTest>
    <UnitTest name="KYC.Web.Integration.Tests.CompliancePostgresIntegrationTests.Active_pac_exists_in_database" storage="c:\development\kyc\tests\kyc.web.integration.tests\bin\debug\net9.0\kyc.web.integration.tests.dll" id="f2deee77-2d09-44fb-2843-8135a51c0a3e">
      <Execution id="fbfe9a0e-b010-46a6-a228-5f35fde271a6" />
      <TestMethod codeBase="C:\Development\KYC\tests\KYC.Web.Integration.Tests\bin\Debug\net9.0\KYC.Web.Integration.Tests.dll" adapterTypeName="executor://xunit/VsTestRunner2/netcoreapp" className="KYC.Web.Integration.Tests.CompliancePostgresIntegrationTests" name="Active_pac_exists_in_database" />
    </UnitTest>
    <UnitTest name="E2E-08 Sanção + falha BdP → congelamento manual" storage="c:\development\kyc\tests\kyc.web.integration.tests\bin\debug\net9.0\kyc.web.integration.tests.dll" id="951b2031-607e-a771-f8b6-4ce68ad64ebb">
      <Execution id="2823d5d7-deba-4dd9-8e73-fd439dee5c46" />
      <TestMethod codeBase="C:\Development\KYC\tests\KYC.Web.Integration.Tests\bin\Debug\net9.0\KYC.Web.Integration.Tests.dll" adapterTypeName="executor://xunit/VsTestRunner2/netcoreapp" className="KYC.Web.Integration.Tests.HomologationE2eAutomatedTests" name="E2e08_Sanction_freeze_api_fail_then_manual_ref" />
    </UnitTest>
    <UnitTest name="E2E-10 Sinal manual + confirmar sanção" storage="c:\development\kyc\tests\kyc.web.integration.tests\bin\debug\net9.0\kyc.web.integration.tests.dll" id="3e5faef9-b61f-a68b-03d7-901759098d93">
      <Execution id="29805ad0-9410-4437-b686-df6f325983b1" />
      <TestMethod codeBase="C:\Development\KYC\tests\KYC.Web.Integration.Tests\bin\Debug\net9.0\KYC.Web.Integration.Tests.dll" adapterTypeName="executor://xunit/VsTestRunner2/netcoreapp" className="KYC.Web.Integration.Tests.HomologationE2eAutomatedTests" name="E2e10_Manual_signal_and_override_confirm" />
    </UnitTest>
    <UnitTest name="E2E-01 PAC: CAE 92000 rejeitado" storage="c:\development\kyc\tests\kyc.web.integration.tests\bin\debug\net9.0\kyc.web.integration.tests.dll" id="56deb2b1-eda2-dee3-d5e5-9e993bd08e24">
      <Execution id="433e9ff1-f613-4e4e-ba19-17c7bdd2c7bd" />
      <TestMethod codeBase="C:\Development\KYC\tests\KYC.Web.Integration.Tests\bin\Debug\net9.0\KYC.Web.Integration.Tests.dll" adapterTypeName="executor://xunit/VsTestRunner2/netcoreapp" className="KYC.Web.Integration.Tests.HomologationE2eAutomatedTests" name="E2e01_Pac_rejects_prohibited_cae" />
    </UnitTest>
    <UnitTest name="KYC.Web.Integration.Tests.CompliancePostgresIntegrationTests.Periodic_review_completed_audit_can_be_queried" storage="c:\development\kyc\tests\kyc.web.integration.tests\bin\debug\net9.0\kyc.web.integration.tests.dll" id="9c5ce624-d198-c79a-e573-6829f278a1e3">
      <Execution id="14550cf6-2071-47b7-b981-9ccdb848309d" />
      <TestMethod codeBase="C:\Development\KYC\tests\KYC.Web.Integration.Tests\bin\Debug\net9.0\KYC.Web.Integration.Tests.dll" adapterTypeName="executor://xunit/VsTestRunner2/netcoreapp" className="KYC.Web.Integration.Tests.CompliancePostgresIntegrationTests" name="Periodic_review_completed_audit_can_be_queried" />
    </UnitTest>
    <UnitTest name="E2E-EXPORT gerar ficheiros de evidência no dossier" storage="c:\development\kyc\tests\kyc.web.integration.tests\bin\debug\net9.0\kyc.web.integration.tests.dll" id="81452da1-7ac6-65cb-28fb-054c96f7c54e">
      <Execution id="2ef43d60-d223-430b-a7ac-00ad7ecc3e2d" />
      <TestMethod codeBase="C:\Development\KYC\tests\KYC.Web.Integration.Tests\bin\Debug\net9.0\KYC.Web.Integration.Tests.dll" adapterTypeName="executor://xunit/VsTestRunner2/netcoreapp" className="KYC.Web.Integration.Tests.HomologationE2eAutomatedTests" name="E2e_export_dossier_evidence_files" />
    </UnitTest>
    <UnitTest name="KYC.Web.Integration.Tests.CompliancePostgresIntegrationTests.Identity_polling_processes_pending_session" storage="c:\development\kyc\tests\kyc.web.integration.tests\bin\debug\net9.0\kyc.web.integration.tests.dll" id="a092defb-87d9-b02c-2bc7-5251f02be905">
      <Execution id="40ddfa09-61d5-4318-9eaf-6651228a4f0b" />
      <TestMethod codeBase="C:\Development\KYC\tests\KYC.Web.Integration.Tests\bin\Debug\net9.0\KYC.Web.Integration.Tests.dll" adapterTypeName="executor://xunit/VsTestRunner2/netcoreapp" className="KYC.Web.Integration.Tests.CompliancePostgresIntegrationTests" name="Identity_polling_processes_pending_session" />
    </UnitTest>
    <UnitTest name="E2E-06 Nome legal manual em fallback RCBE/GLEIF" storage="c:\development\kyc\tests\kyc.web.integration.tests\bin\debug\net9.0\kyc.web.integration.tests.dll" id="21b70a5d-9b31-1619-80e0-6672ea56416f">
      <Execution id="5b9a492f-b732-4674-ab45-1dbebc3789aa" />
      <TestMethod codeBase="C:\Development\KYC\tests\KYC.Web.Integration.Tests\bin\Debug\net9.0\KYC.Web.Integration.Tests.dll" adapterTypeName="executor://xunit/VsTestRunner2/netcoreapp" className="KYC.Web.Integration.Tests.HomologationE2eAutomatedTests" name="E2e06_Manual_legal_name_on_fallback_persists" />
    </UnitTest>
    <UnitTest name="KYC.Web.Integration.Tests.CompliancePostgresIntegrationTests.Delete_active_dpia_record_is_blocked_by_interceptor" storage="c:\development\kyc\tests\kyc.web.integration.tests\bin\debug\net9.0\kyc.web.integration.tests.dll" id="133614b5-13af-27b2-9383-28a2331b28ac">
      <Execution id="5aaca6e0-7376-46cd-bf4b-2f3c2ed31e61" />
      <TestMethod codeBase="C:\Development\KYC\tests\KYC.Web.Integration.Tests\bin\Debug\net9.0\KYC.Web.Integration.Tests.dll" adapterTypeName="executor://xunit/VsTestRunner2/netcoreapp" className="KYC.Web.Integration.Tests.CompliancePostgresIntegrationTests" name="Delete_active_dpia_record_is_blocked_by_interceptor" />
    </UnitTest>
    <UnitTest name="E2E-07 SAR urgente falha → Pending → registo manual" storage="c:\development\kyc\tests\kyc.web.integration.tests\bin\debug\net9.0\kyc.web.integration.tests.dll" id="994126b4-cf92-3d54-7e55-64a328b05456">
      <Execution id="4fd97030-f070-4f89-be70-52ebff437a4c" />
      <TestMethod codeBase="C:\Development\KYC\tests\KYC.Web.Integration.Tests\bin\Debug\net9.0\KYC.Web.Integration.Tests.dll" adapterTypeName="executor://xunit/VsTestRunner2/netcoreapp" className="KYC.Web.Integration.Tests.HomologationE2eAutomatedTests" name="E2e07_Sar_urgent_failure_then_manual_reference" />
    </UnitTest>
  </TestDefinitions>
  <TestEntries>
    <TestEntry testId="3e5faef9-b61f-a68b-03d7-901759098d93" executionId="29805ad0-9410-4437-b686-df6f325983b1" testListId="8c84fa94-04c1-424b-9868-57a2d4851a1d" />
    <TestEntry testId="21b70a5d-9b31-1619-80e0-6672ea56416f" executionId="5b9a492f-b732-4674-ab45-1dbebc3789aa" testListId="8c84fa94-04c1-424b-9868-57a2d4851a1d" />
    <TestEntry testId="56deb2b1-eda2-dee3-d5e5-9e993bd08e24" executionId="433e9ff1-f613-4e4e-ba19-17c7bdd2c7bd" testListId="8c84fa94-04c1-424b-9868-57a2d4851a1d" />
    <TestEntry testId="951b2031-607e-a771-f8b6-4ce68ad64ebb" executionId="2823d5d7-deba-4dd9-8e73-fd439dee5c46" testListId="8c84fa94-04c1-424b-9868-57a2d4851a1d" />
    <TestEntry testId="bf59893d-dbcf-6e3a-543b-63d979cbaaab" executionId="2c43cca2-1f7e-490f-b2e4-e581fcaa9f7b" testListId="8c84fa94-04c1-424b-9868-57a2d4851a1d" />
    <TestEntry testId="7e368a3e-42b6-8f06-0ed5-47df78886dfe" executionId="b070f672-2822-437d-84b0-0d9e106d3133" testListId="8c84fa94-04c1-424b-9868-57a2d4851a1d" />
    <TestEntry testId="81452da1-7ac6-65cb-28fb-054c96f7c54e" executionId="2ef43d60-d223-430b-a7ac-00ad7ecc3e2d" testListId="8c84fa94-04c1-424b-9868-57a2d4851a1d" />
    <TestEntry testId="a092defb-87d9-b02c-2bc7-5251f02be905" executionId="40ddfa09-61d5-4318-9eaf-6651228a4f0b" testListId="8c84fa94-04c1-424b-9868-57a2d4851a1d" />
    <TestEntry testId="b61458d4-1125-b96b-b364-aeabf906f0a2" executionId="d9e12ba4-d470-4d98-bf16-931e0f585bac" testListId="8c84fa94-04c1-424b-9868-57a2d4851a1d" />
    <TestEntry testId="f2deee77-2d09-44fb-2843-8135a51c0a3e" executionId="fbfe9a0e-b010-46a6-a228-5f35fde271a6" testListId="8c84fa94-04c1-424b-9868-57a2d4851a1d" />
    <TestEntry testId="994126b4-cf92-3d54-7e55-64a328b05456" executionId="4fd97030-f070-4f89-be70-52ebff437a4c" testListId="8c84fa94-04c1-424b-9868-57a2d4851a1d" />
    <TestEntry testId="9c5ce624-d198-c79a-e573-6829f278a1e3" executionId="14550cf6-2071-47b7-b981-9ccdb848309d" testListId="8c84fa94-04c1-424b-9868-57a2d4851a1d" />
    <TestEntry testId="133614b5-13af-27b2-9383-28a2331b28ac" executionId="5aaca6e0-7376-46cd-bf4b-2f3c2ed31e61" testListId="8c84fa94-04c1-424b-9868-57a2d4851a1d" />
  </TestEntries>
  <TestLists>
    <TestList name="Resultados que não estão em uma lista" id="8c84fa94-04c1-424b-9868-57a2d4851a1d" />
    <TestList name="Todos os resultados carregados" id="19431567-8539-422a-85d7-44ee4e166bda" />
  </TestLists>
  <ResultSummary outcome="Failed">
    <Counters total="13" executed="13" passed="12" failed="1" error="0" timeout="0" aborted="0" inconclusive="0" passedButRunAborted="0" notRunnable="0" notExecuted="0" disconnected="0" warning="0" completed="0" inProgress="0" pending="0" />
    <Output>
      <StdOut>[xUnit.net 00:00:00.00] xUnit.net VSTest Adapter v2.8.2+699d445a1a (64-bit .NET 9.0.16)&#xD;
[xUnit.net 00:00:00.29]   Discovering: KYC.Web.Integration.Tests&#xD;
[xUnit.net 00:00:00.47]   Discovered:  KYC.Web.Integration.Tests&#xD;
[xUnit.net 00:00:00.48]   Starting:    KYC.Web.Integration.Tests&#xD;
[xUnit.net 00:00:04.73]       Assert.Equal() Failure: Values differ&#xD;
[xUnit.net 00:00:04.73]       Expected: 1&#xD;
[xUnit.net 00:00:04.73]       Actual:   3&#xD;
[xUnit.net 00:00:04.73]       Stack Trace:&#xD;
[xUnit.net 00:00:04.73]         C:\Development\KYC\tests\KYC.Web.Integration.Tests\CompliancePostgresIntegrationTests.cs(150,0): at KYC.Web.Integration.Tests.CompliancePostgresIntegrationTests.Identity_polling_processes_pending_session()&#xD;
[xUnit.net 00:00:04.73]         C:\Development\KYC\tests\KYC.Web.Integration.Tests\CompliancePostgresIntegrationTests.cs(151,0): at KYC.Web.Integration.Tests.CompliancePostgresIntegrationTests.Identity_polling_processes_pending_session()&#xD;
[xUnit.net 00:00:04.73]         --- End of stack trace from previous location ---&#xD;
[xUnit.net 00:00:05.31]   Finished:    KYC.Web.Integration.Tests&#xD;
</StdOut>
    </Output>
    <RunInfos>
      <RunInfo computerName="SERVER01" outcome="Error" timestamp="2026-05-31T02:08:12.9205374+01:00">
        <Text>[xUnit.net 00:00:04.73]     KYC.Web.Integration.Tests.CompliancePostgresIntegrationTests.Identity_polling_processes_pending_session [FAIL]</Text>
      </RunInfo>
    </RunInfos>
  </ResultSummary>
</TestRun>