<?xml version="1.0" encoding="utf-8"?>
<TestRun id="3f7ae619-8a5d-4f0e-9d57-91e47dac09d1" name="vitor@SERVER01 2026-05-31 02:19:02" runUser="SERVER01\vitor" xmlns="http://microsoft.com/schemas/VisualStudio/TeamTest/2010">
  <Times creation="2026-05-31T02:19:02.3613549+01:00" queuing="2026-05-31T02:19:02.3613553+01:00" start="2026-05-31T02:18:56.4814460+01:00" finish="2026-05-31T02:19:13.1070466+01:00" />
  <TestSettings name="default" id="a599f77a-47da-40b8-94bb-ca2085ea6367">
    <Deployment runDeploymentRoot="vitor_SERVER01_2026-05-31_02_19_02" />
  </TestSettings>
  <Results>
    <UnitTestResult executionId="2345a021-9e9f-43c8-b048-a4db02c6379b" testId="3e5faef9-b61f-a68b-03d7-901759098d93" testName="E2E-10 Sinal manual + confirmar sanção" computerName="SERVER01" duration="00:00:02.3601326" startTime="2026-05-31T02:19:13.0001424+01:00" endTime="2026-05-31T02:19:13.0001426+01:00" testType="13cdc9d9-ddb5-4fa4-a97d-d965ccfc6d4b" outcome="Passed" testListId="8c84fa94-04c1-424b-9868-57a2d4851a1d" relativeResultsDirectory="2345a021-9e9f-43c8-b048-a4db02c6379b" />
    <UnitTestResult executionId="e5c1a0ec-ff24-43d5-b0ad-c8d77bbbd951" testId="b61458d4-1125-b96b-b364-aeabf906f0a2" testName="E2E-09 Identidade manual sem API" computerName="SERVER01" duration="00:00:01.6557618" startTime="2026-05-31T02:19:07.6526676+01:00" endTime="2026-05-31T02:19:07.6526679+01:00" testType="13cdc9d9-ddb5-4fa4-a97d-d965ccfc6d4b" outcome="Passed" testListId="8c84fa94-04c1-424b-9868-57a2d4851a1d" relativeResultsDirectory="e5c1a0ec-ff24-43d5-b0ad-c8d77bbbd951" />
    <UnitTestResult executionId="bc8782ba-f236-4af5-987b-fff1541964d3" testId="56deb2b1-eda2-dee3-d5e5-9e993bd08e24" testName="E2E-01 PAC: CAE 92000 rejeitado" computerName="SERVER01" duration="00:00:01.1228503" startTime="2026-05-31T02:19:05.9964229+01:00" endTime="2026-05-31T02:19:05.9964231+01:00" testType="13cdc9d9-ddb5-4fa4-a97d-d965ccfc6d4b" outcome="Passed" testListId="8c84fa94-04c1-424b-9868-57a2d4851a1d" relativeResultsDirectory="bc8782ba-f236-4af5-987b-fff1541964d3" />
    <UnitTestResult executionId="00822c62-2360-48ec-b140-de4ace96ba4c" testId="951b2031-607e-a771-f8b6-4ce68ad64ebb" testName="E2E-08 Sanção + falha BdP → congelamento manual" computerName="SERVER01" duration="00:00:02.5435163" startTime="2026-05-31T02:19:04.8729517+01:00" endTime="2026-05-31T02:19:04.8729520+01:00" testType="13cdc9d9-ddb5-4fa4-a97d-d965ccfc6d4b" outcome="Passed" testListId="8c84fa94-04c1-424b-9868-57a2d4851a1d" relativeResultsDirectory="00822c62-2360-48ec-b140-de4ace96ba4c" />
    <UnitTestResult executionId="35ca7d49-b358-489e-98a4-f89324db2bef" testId="994126b4-cf92-3d54-7e55-64a328b05456" testName="E2E-07 SAR urgente falha → Pending → registo manual" computerName="SERVER01" duration="00:00:02.0533450" startTime="2026-05-31T02:19:10.6394313+01:00" endTime="2026-05-31T02:19:10.6394327+01:00" testType="13cdc9d9-ddb5-4fa4-a97d-d965ccfc6d4b" outcome="Passed" testListId="8c84fa94-04c1-424b-9868-57a2d4851a1d" relativeResultsDirectory="35ca7d49-b358-489e-98a4-f89324db2bef" />
    <UnitTestResult executionId="388d0dc0-7307-4b76-867f-456b6294c5b2" testId="81452da1-7ac6-65cb-28fb-054c96f7c54e" testName="E2E-EXPORT gerar ficheiros de evidência no dossier" computerName="SERVER01" duration="00:00:00.9323944" startTime="2026-05-31T02:19:08.5855426+01:00" endTime="2026-05-31T02:19:08.5855430+01:00" testType="13cdc9d9-ddb5-4fa4-a97d-d965ccfc6d4b" outcome="Passed" testListId="8c84fa94-04c1-424b-9868-57a2d4851a1d" relativeResultsDirectory="388d0dc0-7307-4b76-867f-456b6294c5b2" />
    <UnitTestResult executionId="9718669d-006b-415f-b4ae-ab9aeb2124da" testId="21b70a5d-9b31-1619-80e0-6672ea56416f" testName="E2E-06 Nome legal manual em fallback RCBE/GLEIF" computerName="SERVER01" duration="00:00:04.3917248" startTime="2026-05-31T02:19:02.3279806+01:00" endTime="2026-05-31T02:19:02.3280015+01:00" testType="13cdc9d9-ddb5-4fa4-a97d-d965ccfc6d4b" outcome="Passed" testListId="8c84fa94-04c1-424b-9868-57a2d4851a1d" relativeResultsDirectory="9718669d-006b-415f-b4ae-ab9aeb2124da" />
  </Results>
  <TestDefinitions>
    <UnitTest name="E2E-09 Identidade manual sem API" storage="c:\development\kyc\tests\kyc.web.integration.tests\bin\debug\net9.0\kyc.web.integration.tests.dll" id="b61458d4-1125-b96b-b364-aeabf906f0a2">
      <Execution id="e5c1a0ec-ff24-43d5-b0ad-c8d77bbbd951" />
      <TestMethod codeBase="C:\Development\KYC\tests\KYC.Web.Integration.Tests\bin\Debug\net9.0\KYC.Web.Integration.Tests.dll" adapterTypeName="executor://xunit/VsTestRunner2/netcoreapp" className="KYC.Web.Integration.Tests.HomologationE2eAutomatedTests" name="E2e09_Manual_identity_verification" />
    </UnitTest>
    <UnitTest name="E2E-08 Sanção + falha BdP → congelamento manual" storage="c:\development\kyc\tests\kyc.web.integration.tests\bin\debug\net9.0\kyc.web.integration.tests.dll" id="951b2031-607e-a771-f8b6-4ce68ad64ebb">
      <Execution id="00822c62-2360-48ec-b140-de4ace96ba4c" />
      <TestMethod codeBase="C:\Development\KYC\tests\KYC.Web.Integration.Tests\bin\Debug\net9.0\KYC.Web.Integration.Tests.dll" adapterTypeName="executor://xunit/VsTestRunner2/netcoreapp" className="KYC.Web.Integration.Tests.HomologationE2eAutomatedTests" name="E2e08_Sanction_freeze_api_fail_then_manual_ref" />
    </UnitTest>
    <UnitTest name="E2E-10 Sinal manual + confirmar sanção" storage="c:\development\kyc\tests\kyc.web.integration.tests\bin\debug\net9.0\kyc.web.integration.tests.dll" id="3e5faef9-b61f-a68b-03d7-901759098d93">
      <Execution id="2345a021-9e9f-43c8-b048-a4db02c6379b" />
      <TestMethod codeBase="C:\Development\KYC\tests\KYC.Web.Integration.Tests\bin\Debug\net9.0\KYC.Web.Integration.Tests.dll" adapterTypeName="executor://xunit/VsTestRunner2/netcoreapp" className="KYC.Web.Integration.Tests.HomologationE2eAutomatedTests" name="E2e10_Manual_signal_and_override_confirm" />
    </UnitTest>
    <UnitTest name="E2E-01 PAC: CAE 92000 rejeitado" storage="c:\development\kyc\tests\kyc.web.integration.tests\bin\debug\net9.0\kyc.web.integration.tests.dll" id="56deb2b1-eda2-dee3-d5e5-9e993bd08e24">
      <Execution id="bc8782ba-f236-4af5-987b-fff1541964d3" />
      <TestMethod codeBase="C:\Development\KYC\tests\KYC.Web.Integration.Tests\bin\Debug\net9.0\KYC.Web.Integration.Tests.dll" adapterTypeName="executor://xunit/VsTestRunner2/netcoreapp" className="KYC.Web.Integration.Tests.HomologationE2eAutomatedTests" name="E2e01_Pac_rejects_prohibited_cae" />
    </UnitTest>
    <UnitTest name="E2E-EXPORT gerar ficheiros de evidência no dossier" storage="c:\development\kyc\tests\kyc.web.integration.tests\bin\debug\net9.0\kyc.web.integration.tests.dll" id="81452da1-7ac6-65cb-28fb-054c96f7c54e">
      <Execution id="388d0dc0-7307-4b76-867f-456b6294c5b2" />
      <TestMethod codeBase="C:\Development\KYC\tests\KYC.Web.Integration.Tests\bin\Debug\net9.0\KYC.Web.Integration.Tests.dll" adapterTypeName="executor://xunit/VsTestRunner2/netcoreapp" className="KYC.Web.Integration.Tests.HomologationE2eAutomatedTests" name="E2e_export_dossier_evidence_files" />
    </UnitTest>
    <UnitTest name="E2E-06 Nome legal manual em fallback RCBE/GLEIF" storage="c:\development\kyc\tests\kyc.web.integration.tests\bin\debug\net9.0\kyc.web.integration.tests.dll" id="21b70a5d-9b31-1619-80e0-6672ea56416f">
      <Execution id="9718669d-006b-415f-b4ae-ab9aeb2124da" />
      <TestMethod codeBase="C:\Development\KYC\tests\KYC.Web.Integration.Tests\bin\Debug\net9.0\KYC.Web.Integration.Tests.dll" adapterTypeName="executor://xunit/VsTestRunner2/netcoreapp" className="KYC.Web.Integration.Tests.HomologationE2eAutomatedTests" name="E2e06_Manual_legal_name_on_fallback_persists" />
    </UnitTest>
    <UnitTest name="E2E-07 SAR urgente falha → Pending → registo manual" storage="c:\development\kyc\tests\kyc.web.integration.tests\bin\debug\net9.0\kyc.web.integration.tests.dll" id="994126b4-cf92-3d54-7e55-64a328b05456">
      <Execution id="35ca7d49-b358-489e-98a4-f89324db2bef" />
      <TestMethod codeBase="C:\Development\KYC\tests\KYC.Web.Integration.Tests\bin\Debug\net9.0\KYC.Web.Integration.Tests.dll" adapterTypeName="executor://xunit/VsTestRunner2/netcoreapp" className="KYC.Web.Integration.Tests.HomologationE2eAutomatedTests" name="E2e07_Sar_urgent_failure_then_manual_reference" />
    </UnitTest>
  </TestDefinitions>
  <TestEntries>
    <TestEntry testId="3e5faef9-b61f-a68b-03d7-901759098d93" executionId="2345a021-9e9f-43c8-b048-a4db02c6379b" testListId="8c84fa94-04c1-424b-9868-57a2d4851a1d" />
    <TestEntry testId="b61458d4-1125-b96b-b364-aeabf906f0a2" executionId="e5c1a0ec-ff24-43d5-b0ad-c8d77bbbd951" testListId="8c84fa94-04c1-424b-9868-57a2d4851a1d" />
    <TestEntry testId="56deb2b1-eda2-dee3-d5e5-9e993bd08e24" executionId="bc8782ba-f236-4af5-987b-fff1541964d3" testListId="8c84fa94-04c1-424b-9868-57a2d4851a1d" />
    <TestEntry testId="951b2031-607e-a771-f8b6-4ce68ad64ebb" executionId="00822c62-2360-48ec-b140-de4ace96ba4c" testListId="8c84fa94-04c1-424b-9868-57a2d4851a1d" />
    <TestEntry testId="994126b4-cf92-3d54-7e55-64a328b05456" executionId="35ca7d49-b358-489e-98a4-f89324db2bef" testListId="8c84fa94-04c1-424b-9868-57a2d4851a1d" />
    <TestEntry testId="81452da1-7ac6-65cb-28fb-054c96f7c54e" executionId="388d0dc0-7307-4b76-867f-456b6294c5b2" testListId="8c84fa94-04c1-424b-9868-57a2d4851a1d" />
    <TestEntry testId="21b70a5d-9b31-1619-80e0-6672ea56416f" executionId="9718669d-006b-415f-b4ae-ab9aeb2124da" testListId="8c84fa94-04c1-424b-9868-57a2d4851a1d" />
  </TestEntries>
  <TestLists>
    <TestList name="Resultados que não estão em uma lista" id="8c84fa94-04c1-424b-9868-57a2d4851a1d" />
    <TestList name="Todos os resultados carregados" id="19431567-8539-422a-85d7-44ee4e166bda" />
  </TestLists>
  <ResultSummary outcome="Completed">
    <Counters total="7" executed="7" passed="7" failed="0" error="0" timeout="0" aborted="0" inconclusive="0" passedButRunAborted="0" notRunnable="0" notExecuted="0" disconnected="0" warning="0" completed="0" inProgress="0" pending="0" />
    <Output>
      <StdOut>[xUnit.net 00:00:00.00] xUnit.net VSTest Adapter v2.8.2+699d445a1a (64-bit .NET 9.0.16)&#xD;
[xUnit.net 00:00:00.22]   Discovering: KYC.Web.Integration.Tests&#xD;
[xUnit.net 00:00:00.30]   Discovered:  KYC.Web.Integration.Tests&#xD;
[xUnit.net 00:00:00.31]   Starting:    KYC.Web.Integration.Tests&#xD;
[xUnit.net 00:00:15.46]   Finished:    KYC.Web.Integration.Tests&#xD;
</StdOut>
    </Output>
  </ResultSummary>
</TestRun>